<?xml version="1.0" encoding="UTF-8"?>
<testng-results skipped="0" failed="0" ignored="0" total="2" passed="2">
  <reporter-output>
  </reporter-output>
  <suite name="Default suite" duration-ms="39665" started-at="2019-12-21T21:47:08Z" finished-at="2019-12-21T21:47:48Z">
    <groups>
    </groups>
    <test name="Default test" duration-ms="39665" started-at="2019-12-21T21:47:08Z" finished-at="2019-12-21T21:47:48Z">
      <class name="com.module.Amazon.LoginTest">
        <test-method status="PASS" signature="BrowserConfig()[pri:0, instance:com.module.Amazon.LoginTest@704a52ec]" name="BrowserConfig" is-config="true" duration-ms="15957" started-at="2019-12-21T21:47:08Z" finished-at="2019-12-21T21:47:24Z">
          <reporter-output>
          </reporter-output>
        </test-method> <!-- BrowserConfig -->
        <test-method status="PASS" signature="LoginTest()[pri:0, instance:com.module.Amazon.LoginTest@704a52ec]" name="LoginTest" duration-ms="23267" started-at="2019-12-21T21:47:24Z" finished-at="2019-12-21T21:47:47Z">
          <reporter-output>
          </reporter-output>
        </test-method> <!-- LoginTest -->
        <test-method status="PASS" signature="MomeTest()[pri:0, instance:com.module.Amazon.LoginTest@704a52ec]" name="MomeTest" duration-ms="316" started-at="2019-12-21T21:47:47Z" depends-on-methods="com.module.Amazon.LoginTest.LoginTest" finished-at="2019-12-21T21:47:48Z">
          <reporter-output>
          </reporter-output>
        </test-method> <!-- MomeTest -->
      </class> <!-- com.module.Amazon.LoginTest -->
    </test> <!-- Default test -->
  </suite> <!-- Default suite -->
</testng-results>
